<?xml version="1.0" encoding="UTF-8"?>
<!-- Generated by org.testng.reporters.JUnitReportReporter -->
<testsuite hostname="DESKTOP-LH10UEI" failures="0" tests="1" name="mar14.TestngCountingLinks" time="143.919" errors="1" timestamp="2024-04-06T17:34:07 IST" skipped="0">
  <testcase classname="mar14.TestngCountingLinks" name="linkscount" time="143.919">
    <error message="no such window: target window already closed
from unknown error: web view not found
  (Session info: chrome=123.0.6312.105)
Build info: version: &#039;4.17.0&#039;, revision: &#039;e52b1be057*&#039;
System info: os.name: &#039;Windows 10&#039;, os.arch: &#039;amd64&#039;, os.version: &#039;10.0&#039;, java.version: &#039;11.0.16&#039;
Driver info: org.openqa.selenium.chrome.ChromeDriver
Command: [ee073dedc9a4c957ae1e447dcb05ffaa, getElementText {id=f.3E559B9AB8DD8CC688FA944173793C88.d.AFFBEAE2A652D19D5F3546974E2E6DF9.e.265}]
Capabilities {acceptInsecureCerts: false, browserName: chrome, browserVersion: 123.0.6312.105, chrome: {chromedriverVersion: 123.0.6312.105 (399174dbe6e..., userDataDir: C:\Users\PC\AppData\Local\T...}, fedcm:accounts: true, goog:chromeOptions: {debuggerAddress: localhost:64701}, networkConnectionEnabled: false, pageLoadStrategy: normal, platformName: windows, proxy: Proxy(), se:cdp: ws://localhost:64701/devtoo..., se:cdpVersion: 123.0.6312.105, setWindowRect: true, strictFileInteractability: false, timeouts: {implicit: 0, pageLoad: 300000, script: 30000}, unhandledPromptBehavior: dismiss and notify, webauthn:extension:credBlob: true, webauthn:extension:largeBlob: true, webauthn:extension:minPinLength: true, webauthn:extension:prf: true, webauthn:virtualAuthenticators: true}
Element: [[ChromeDriver: chrome on windows (ee073dedc9a4c957ae1e447dcb05ffaa)] -&gt; tag name: a]
Session ID: ee073dedc9a4c957ae1e447dcb05ffaa" type="org.openqa.selenium.NoSuchWindowException">
      <![CDATA[org.openqa.selenium.NoSuchWindowException: no such window: target window already closed
from unknown error: web view not found
  (Session info: chrome=123.0.6312.105)
Build info: version: '4.17.0', revision: 'e52b1be057*'
System info: os.name: 'Windows 10', os.arch: 'amd64', os.version: '10.0', java.version: '11.0.16'
Driver info: org.openqa.selenium.chrome.ChromeDriver
Command: [ee073dedc9a4c957ae1e447dcb05ffaa, getElementText {id=f.3E559B9AB8DD8CC688FA944173793C88.d.AFFBEAE2A652D19D5F3546974E2E6DF9.e.265}]
Capabilities {acceptInsecureCerts: false, browserName: chrome, browserVersion: 123.0.6312.105, chrome: {chromedriverVersion: 123.0.6312.105 (399174dbe6e..., userDataDir: C:\Users\PC\AppData\Local\T...}, fedcm:accounts: true, goog:chromeOptions: {debuggerAddress: localhost:64701}, networkConnectionEnabled: false, pageLoadStrategy: normal, platformName: windows, proxy: Proxy(), se:cdp: ws://localhost:64701/devtoo..., se:cdpVersion: 123.0.6312.105, setWindowRect: true, strictFileInteractability: false, timeouts: {implicit: 0, pageLoad: 300000, script: 30000}, unhandledPromptBehavior: dismiss and notify, webauthn:extension:credBlob: true, webauthn:extension:largeBlob: true, webauthn:extension:minPinLength: true, webauthn:extension:prf: true, webauthn:virtualAuthenticators: true}
Element: [[ChromeDriver: chrome on windows (ee073dedc9a4c957ae1e447dcb05ffaa)] -> tag name: a]
Session ID: ee073dedc9a4c957ae1e447dcb05ffaa
at java.base/jdk.internal.reflect.NativeConstructorAccessorImpl.newInstance0(Native Method)
at java.base/jdk.internal.reflect.NativeConstructorAccessorImpl.newInstance(NativeConstructorAccessorImpl.java:62)
at java.base/jdk.internal.reflect.DelegatingConstructorAccessorImpl.newInstance(DelegatingConstructorAccessorImpl.java:45)
at java.base/java.lang.reflect.Constructor.newInstance(Constructor.java:490)
at org.openqa.selenium.remote.codec.w3c.W3CHttpResponseCodec.createException(W3CHttpResponseCodec.java:185)
at org.openqa.selenium.remote.codec.w3c.W3CHttpResponseCodec.decode(W3CHttpResponseCodec.java:134)
at org.openqa.selenium.remote.codec.w3c.W3CHttpResponseCodec.decode(W3CHttpResponseCodec.java:51)
at org.openqa.selenium.remote.HttpCommandExecutor.execute(HttpCommandExecutor.java:190)
at org.openqa.selenium.remote.service.DriverCommandExecutor.invokeExecute(DriverCommandExecutor.java:216)
at org.openqa.selenium.remote.service.DriverCommandExecutor.execute(DriverCommandExecutor.java:174)
at org.openqa.selenium.remote.RemoteWebDriver.execute(RemoteWebDriver.java:519)
at org.openqa.selenium.remote.RemoteWebElement.execute(RemoteWebElement.java:223)
at org.openqa.selenium.remote.RemoteWebElement.getText(RemoteWebElement.java:191)
at mar14.TestngCountingLinks.linkscount(TestngCountingLinks.java:27)
at java.base/jdk.internal.reflect.NativeMethodAccessorImpl.invoke0(Native Method)
at java.base/jdk.internal.reflect.NativeMethodAccessorImpl.invoke(NativeMethodAccessorImpl.java:62)
at java.base/jdk.internal.reflect.DelegatingMethodAccessorImpl.invoke(DelegatingMethodAccessorImpl.java:43)
at java.base/java.lang.reflect.Method.invoke(Method.java:566)
at org.testng.internal.invokers.MethodInvocationHelper.invokeMethod(MethodInvocationHelper.java:139)
at org.testng.internal.invokers.TestInvoker.invokeMethod(TestInvoker.java:664)
at org.testng.internal.invokers.TestInvoker.invokeTestMethod(TestInvoker.java:228)
at org.testng.internal.invokers.MethodRunner.runInSequence(MethodRunner.java:63)
at org.testng.internal.invokers.TestInvoker$MethodInvocationAgent.invoke(TestInvoker.java:961)
at org.testng.internal.invokers.TestInvoker.invokeTestMethods(TestInvoker.java:201)
at org.testng.internal.invokers.TestMethodWorker.invokeTestMethods(TestMethodWorker.java:148)
at org.testng.internal.invokers.TestMethodWorker.run(TestMethodWorker.java:128)
at java.base/java.util.ArrayList.forEach(ArrayList.java:1541)
at org.testng.TestRunner.privateRun(TestRunner.java:819)
at org.testng.TestRunner.run(TestRunner.java:619)
at org.testng.SuiteRunner.runTest(SuiteRunner.java:443)
at org.testng.SuiteRunner.runSequentially(SuiteRunner.java:437)
at org.testng.SuiteRunner.privateRun(SuiteRunner.java:397)
at org.testng.SuiteRunner.run(SuiteRunner.java:336)
at org.testng.SuiteRunnerWorker.runSuite(SuiteRunnerWorker.java:52)
at org.testng.SuiteRunnerWorker.run(SuiteRunnerWorker.java:95)
at org.testng.TestNG.runSuitesSequentially(TestNG.java:1301)
at org.testng.TestNG.runSuitesLocally(TestNG.java:1228)
at org.testng.TestNG.runSuites(TestNG.java:1134)
at org.testng.TestNG.run(TestNG.java:1101)
at org.testng.remote.AbstractRemoteTestNG.run(AbstractRemoteTestNG.java:115)
at org.testng.remote.RemoteTestNG.initAndRun(RemoteTestNG.java:251)
at org.testng.remote.RemoteTestNG.main(RemoteTestNG.java:77)
]]>
    </error>
    <system-out>
      <![CDATA[No.of links are::268
Rediffmail
Money
Enterprise Email
Shopping
Business Email
rediffGURUS
Sign in
Create Account
NEWS
BUSINESS
MOVIES
CRICKET
SPORTS
GET AHEAD
IPL
Chhattisgarh LOP booked for remarks against Modi
China may misuse AI to target India polls: Microsoft
CBI busts child trafficking gang; 2 rescued, 7 held
Silent campaigning in violence-hit Manipur: Why?
'As long as one is friendly with BJP...'
CSK Vs SRH: Who Played The Best Knock?







MOVIES

Who Is Disha With In Italy?
Tips: 6 benefits of drinking barley water every day
REDIFFGURUS -
Now in हिन्दी too
I contribute the following amounts per month to the...
How do i convince my 69 year old father who is...
When to exit a mutual fund?
Hi, I am 45 with current financial portfolio as...
Mam can woman have sex after menopause. she is at 45...
More REDIFFGURUS
REDIFFGURUS

My dad passed away when I was 12 and my mom...
REDIFFGURUS

Hello Doctor,I am 50 year and wife is 52 years. we...
REDIFFGURUS

My 13-year-old son is starting to ask questions...
CRICKET

IPL 2024: RCB face hard task against in-form Rajasthan
GET AHEAD

Pheroza And Jamshed Godrej's Baked Eggs
VIDEOS

PM Modi felicitated by Nari Shakti at Saharanpur rally
MOVIES

The Secret To Katrina's Hot Lips!
CRICKET

CSK Vs SRH: Who Took The Best Catch?
MOVIES

'I was the highest paid actress'
GET AHEAD

Surbhi, Rakul, Mouni's Swimsuit Styles...
VIDEOS

Former tennis player Sania Mirza keeps it casual for her airport look
CRICKET

SEE: Gill Has Paani Puri With Ed Sheeran
HEALTH CONSCIOUS

It is never late to stay fit and fine.
VIDEOS

'Alexa, bark': How UP teen saved herself, toddler from monkey attack
VIDEOS

Nora Fatehi opens up on working in 'Madgaon Express'
VIDEOS

Kriti Sanon stuns in black at 'Crew' movie promotion
MOVIES

All Kinds Of Romance On OTT This Week
GET AHEAD

Why Blue Is Beautiful Anandhi's Favourite Colour
NEWS

'Unbelievable after six years my mother got bail'
CRICKET

CSK Vs SRH: Who Took The Best Catch?
MOVIES

Guess Fatima's Mood?
GET AHEAD

Bright, Bold Aishwarya
BUSINESS

'Some Cooling-Off In Small Caps'
WB blast: NIA nabs 2 amid mob attack; officer hurt
VVIPs need great caution in Tihar: Delhi ex-top cop
Maldives thanks India for allowing...
Three Maoists killed in encounter in Chhattisgarh
Received abusive reply to request for poll events: AAP
More News
NEWS

Centre Plans To Raise Rs 7.5 Trillion...
null]]>
    </system-out>
  </testcase> <!-- linkscount -->
  <system-out>
    <![CDATA[Amazon.com. Spend less. Smile more.
page length::35
https://www.amazon.com/
domain name::23
No.of links are::268
Rediffmail
Money
Enterprise Email
Shopping
Business Email
rediffGURUS
Sign in
Create Account
NEWS
BUSINESS
MOVIES
CRICKET
SPORTS
GET AHEAD
IPL
Chhattisgarh LOP booked for remarks against Modi
China may misuse AI to target India polls: Microsoft
CBI busts child trafficking gang; 2 rescued, 7 held
Silent campaigning in violence-hit Manipur: Why?
'As long as one is friendly with BJP...'
CSK Vs SRH: Who Played The Best Knock?







MOVIES

Who Is Disha With In Italy?
Tips: 6 benefits of drinking barley water every day
REDIFFGURUS -
Now in हिन्दी too
I contribute the following amounts per month to the...
How do i convince my 69 year old father who is...
When to exit a mutual fund?
Hi, I am 45 with current financial portfolio as...
Mam can woman have sex after menopause. she is at 45...
More REDIFFGURUS
REDIFFGURUS

My dad passed away when I was 12 and my mom...
REDIFFGURUS

Hello Doctor,I am 50 year and wife is 52 years. we...
REDIFFGURUS

My 13-year-old son is starting to ask questions...
CRICKET

IPL 2024: RCB face hard task against in-form Rajasthan
GET AHEAD

Pheroza And Jamshed Godrej's Baked Eggs
VIDEOS

PM Modi felicitated by Nari Shakti at Saharanpur rally
MOVIES

The Secret To Katrina's Hot Lips!
CRICKET

CSK Vs SRH: Who Took The Best Catch?
MOVIES

'I was the highest paid actress'
GET AHEAD

Surbhi, Rakul, Mouni's Swimsuit Styles...
VIDEOS

Former tennis player Sania Mirza keeps it casual for her airport look
CRICKET

SEE: Gill Has Paani Puri With Ed Sheeran
HEALTH CONSCIOUS

It is never late to stay fit and fine.
VIDEOS

'Alexa, bark': How UP teen saved herself, toddler from monkey attack
VIDEOS

Nora Fatehi opens up on working in 'Madgaon Express'
VIDEOS

Kriti Sanon stuns in black at 'Crew' movie promotion
MOVIES

All Kinds Of Romance On OTT This Week
GET AHEAD

Why Blue Is Beautiful Anandhi's Favourite Colour
NEWS

'Unbelievable after six years my mother got bail'
CRICKET

CSK Vs SRH: Who Took The Best Catch?
MOVIES

Guess Fatima's Mood?
GET AHEAD

Bright, Bold Aishwarya
BUSINESS

'Some Cooling-Off In Small Caps'
WB blast: NIA nabs 2 amid mob attack; officer hurt
VVIPs need great caution in Tihar: Delhi ex-top cop
Maldives thanks India for allowing...
Three Maoists killed in encounter in Chhattisgarh
Received abusive reply to request for poll events: AAP
More News
NEWS

Centre Plans To Raise Rs 7.5 Trillion...
null
url is local::https://          http://primusbank.qedgetech.com/
Admin    Qedge123!@#
username and passwordd are valid::dashboard             http://orangehrm.qedgetech.com/symfony/web/index.php/dashboard
Gmail
https://mail.google.com/mail/&ogbl
page title [2]Gmail: Private and secure email at no cost | Google Workspace
page title[3]Google
page title[4]Gmail: Private and secure email at no cost | Google Workspace
Title is matching::google         Google]]>
  </system-out>
</testsuite> <!-- mar14.TestngCountingLinks -->
